2025-03-02T16:06:48.765+08:00  INFO 23977 --- [Lottery_system] [main] org.mon.lottery_system.RabbitMqTest      : Starting RabbitMqTest using Java 17.0.11 with PID 23977 (started by zhaoqianqian in /Users/zhaoqianqian/IDEAUl/Project/Lottery_system)
2025-03-02T16:06:48.767+08:00  INFO 23977 --- [Lottery_system] [main] org.mon.lottery_system.RabbitMqTest      : No active profile set, falling back to 1 default profile: "default"
2025-03-02T16:06:49.047+08:00  INFO 23977 --- [Lottery_system] [main] .s.d.r.c.RepositoryConfigurationDelegate : Multiple Spring Data modules found, entering strict repository configuration mode
2025-03-02T16:06:49.047+08:00  INFO 23977 --- [Lottery_system] [main] .s.d.r.c.RepositoryConfigurationDelegate : Bootstrapping Spring Data Redis repositories in DEFAULT mode.
2025-03-02T16:06:49.061+08:00  INFO 23977 --- [Lottery_system] [main] .s.d.r.c.RepositoryConfigurationDelegate : Finished Spring Data repository scanning in 6 ms. Found 0 Redis repository interfaces.
2025-03-02T16:06:49.805+08:00  INFO 23977 --- [Lottery_system] [main] org.mon.lottery_system.RabbitMqTest      : Started RabbitMqTest in 1.171 seconds (process running for 1.531)
2025-03-02T16:06:50.153+08:00  INFO 23977 --- [Lottery_system] [main] o.s.a.r.c.CachingConnectionFactory       : Attempting to connect to: [123.56.166.56:15672]
2025-03-02T16:06:55.221+08:00  WARN 23977 --- [Lottery_system] [AMQP Connection 123.56.166.56:15672] c.r.c.impl.ForgivingExceptionHandler     : An unexpected connection driver error occurred (Exception message: Socket closed)
2025-03-02T16:08:36.358+08:00  INFO 24060 --- [Lottery_system] [main] org.mon.lottery_system.RabbitMqTest      : Starting RabbitMqTest using Java 17.0.11 with PID 24060 (started by zhaoqianqian in /Users/zhaoqianqian/IDEAUl/Project/Lottery_system)
2025-03-02T16:08:36.359+08:00  INFO 24060 --- [Lottery_system] [main] org.mon.lottery_system.RabbitMqTest      : No active profile set, falling back to 1 default profile: "default"
2025-03-02T16:08:36.633+08:00  INFO 24060 --- [Lottery_system] [main] .s.d.r.c.RepositoryConfigurationDelegate : Multiple Spring Data modules found, entering strict repository configuration mode
2025-03-02T16:08:36.634+08:00  INFO 24060 --- [Lottery_system] [main] .s.d.r.c.RepositoryConfigurationDelegate : Bootstrapping Spring Data Redis repositories in DEFAULT mode.
2025-03-02T16:08:36.649+08:00  INFO 24060 --- [Lottery_system] [main] .s.d.r.c.RepositoryConfigurationDelegate : Finished Spring Data repository scanning in 7 ms. Found 0 Redis repository interfaces.
2025-03-02T16:08:37.339+08:00  INFO 24060 --- [Lottery_system] [main] org.mon.lottery_system.RabbitMqTest      : Started RabbitMqTest in 1.104 seconds (process running for 1.529)
2025-03-02T16:08:37.684+08:00  INFO 24060 --- [Lottery_system] [main] o.s.a.r.c.CachingConnectionFactory       : Attempting to connect to: [123.56.166.56:8889]
2025-03-02T16:15:25.853+08:00  INFO 24290 --- [Lottery_system] [main] org.mon.lottery_system.RabbitMqTest      : Starting RabbitMqTest using Java 17.0.11 with PID 24290 (started by zhaoqianqian in /Users/zhaoqianqian/IDEAUl/Project/Lottery_system)
2025-03-02T16:15:25.854+08:00  INFO 24290 --- [Lottery_system] [main] org.mon.lottery_system.RabbitMqTest      : No active profile set, falling back to 1 default profile: "default"
2025-03-02T16:15:26.133+08:00  INFO 24290 --- [Lottery_system] [main] .s.d.r.c.RepositoryConfigurationDelegate : Multiple Spring Data modules found, entering strict repository configuration mode
2025-03-02T16:15:26.134+08:00  INFO 24290 --- [Lottery_system] [main] .s.d.r.c.RepositoryConfigurationDelegate : Bootstrapping Spring Data Redis repositories in DEFAULT mode.
2025-03-02T16:15:26.146+08:00  INFO 24290 --- [Lottery_system] [main] .s.d.r.c.RepositoryConfigurationDelegate : Finished Spring Data repository scanning in 6 ms. Found 0 Redis repository interfaces.
2025-03-02T16:15:26.816+08:00  INFO 24290 --- [Lottery_system] [main] org.mon.lottery_system.RabbitMqTest      : Started RabbitMqTest in 1.086 seconds (process running for 1.511)
2025-03-02T16:15:27.160+08:00  INFO 24290 --- [Lottery_system] [main] o.s.a.r.c.CachingConnectionFactory       : Attempting to connect to: [123.56.166.56:8889]
2025-03-02T16:18:40.936+08:00  INFO 24322 --- [Lottery_system] [main] org.mon.lottery_system.RabbitMqTest      : Starting RabbitMqTest using Java 17.0.11 with PID 24322 (started by zhaoqianqian in /Users/zhaoqianqian/IDEAUl/Project/Lottery_system)
2025-03-02T16:18:40.937+08:00  INFO 24322 --- [Lottery_system] [main] org.mon.lottery_system.RabbitMqTest      : No active profile set, falling back to 1 default profile: "default"
2025-03-02T16:18:41.208+08:00  INFO 24322 --- [Lottery_system] [main] .s.d.r.c.RepositoryConfigurationDelegate : Multiple Spring Data modules found, entering strict repository configuration mode
2025-03-02T16:18:41.209+08:00  INFO 24322 --- [Lottery_system] [main] .s.d.r.c.RepositoryConfigurationDelegate : Bootstrapping Spring Data Redis repositories in DEFAULT mode.
2025-03-02T16:18:41.224+08:00  INFO 24322 --- [Lottery_system] [main] .s.d.r.c.RepositoryConfigurationDelegate : Finished Spring Data repository scanning in 7 ms. Found 0 Redis repository interfaces.
2025-03-02T16:18:41.938+08:00  INFO 24322 --- [Lottery_system] [main] org.mon.lottery_system.RabbitMqTest      : Started RabbitMqTest in 1.126 seconds (process running for 1.54)
2025-03-02T16:18:42.282+08:00  INFO 24322 --- [Lottery_system] [main] o.s.a.r.c.CachingConnectionFactory       : Attempting to connect to: [123.56.166.56:5672]
2025-03-02T16:21:01.439+08:00  INFO 24347 --- [Lottery_system] [main] org.mon.lottery_system.RabbitMqTest      : Starting RabbitMqTest using Java 17.0.11 with PID 24347 (started by zhaoqianqian in /Users/zhaoqianqian/IDEAUl/Project/Lottery_system)
2025-03-02T16:21:01.440+08:00  INFO 24347 --- [Lottery_system] [main] org.mon.lottery_system.RabbitMqTest      : No active profile set, falling back to 1 default profile: "default"
2025-03-02T16:21:01.715+08:00  INFO 24347 --- [Lottery_system] [main] .s.d.r.c.RepositoryConfigurationDelegate : Multiple Spring Data modules found, entering strict repository configuration mode
2025-03-02T16:21:01.716+08:00  INFO 24347 --- [Lottery_system] [main] .s.d.r.c.RepositoryConfigurationDelegate : Bootstrapping Spring Data Redis repositories in DEFAULT mode.
2025-03-02T16:21:01.730+08:00  INFO 24347 --- [Lottery_system] [main] .s.d.r.c.RepositoryConfigurationDelegate : Finished Spring Data repository scanning in 6 ms. Found 0 Redis repository interfaces.
2025-03-02T16:21:02.416+08:00  INFO 24347 --- [Lottery_system] [main] org.mon.lottery_system.RabbitMqTest      : Started RabbitMqTest in 1.103 seconds (process running for 1.515)
2025-03-02T16:21:02.770+08:00  INFO 24347 --- [Lottery_system] [main] o.s.a.r.c.CachingConnectionFactory       : Attempting to connect to: [123.56.166.56:8889]
2025-03-02T16:21:02.953+08:00  WARN 24347 --- [Lottery_system] [AMQP Connection 123.56.166.56:8889] c.r.c.impl.ForgivingExceptionHandler     : An unexpected connection driver error occurred (Exception message: Socket closed)
2025-03-02T16:23:02.850+08:00  INFO 24372 --- [Lottery_system] [main] org.mon.lottery_system.RabbitMqTest      : Starting RabbitMqTest using Java 17.0.11 with PID 24372 (started by zhaoqianqian in /Users/zhaoqianqian/IDEAUl/Project/Lottery_system)
2025-03-02T16:23:02.851+08:00  INFO 24372 --- [Lottery_system] [main] org.mon.lottery_system.RabbitMqTest      : No active profile set, falling back to 1 default profile: "default"
2025-03-02T16:23:03.130+08:00  INFO 24372 --- [Lottery_system] [main] .s.d.r.c.RepositoryConfigurationDelegate : Multiple Spring Data modules found, entering strict repository configuration mode
2025-03-02T16:23:03.131+08:00  INFO 24372 --- [Lottery_system] [main] .s.d.r.c.RepositoryConfigurationDelegate : Bootstrapping Spring Data Redis repositories in DEFAULT mode.
2025-03-02T16:23:03.144+08:00  INFO 24372 --- [Lottery_system] [main] .s.d.r.c.RepositoryConfigurationDelegate : Finished Spring Data repository scanning in 6 ms. Found 0 Redis repository interfaces.
2025-03-02T16:23:03.833+08:00  INFO 24372 --- [Lottery_system] [main] org.mon.lottery_system.RabbitMqTest      : Started RabbitMqTest in 1.105 seconds (process running for 1.488)
2025-03-02T16:23:04.175+08:00  INFO 24372 --- [Lottery_system] [main] o.s.a.r.c.CachingConnectionFactory       : Attempting to connect to: [123.56.166.56:8889]
2025-03-02T16:23:04.405+08:00  INFO 24372 --- [Lottery_system] [main] o.s.a.r.c.CachingConnectionFactory       : Created new connection: rabbitConnectionFactory#17d76ebb:0/SimpleConnection@123d0816 [delegate=amqp://zqq@123.56.166.56:8889/, localPort=54496]
2025-03-02T16:23:04.803+08:00  INFO 24372 --- [Lottery_system] [main] o.m.l.service.impl.DrawPrizeServiceImpl  : mq消息成功：map={"activityId":1,"prizeId":1,"prizeTiers":"FIRST_PRIZE","winningTime":1740903784154,"winnerList":[{"userId":1,"userName":"xxx"}]}
2025-03-02T16:51:31.954+08:00  INFO 24568 --- [Lottery_system] [main] org.mon.lottery_system.RabbitMqTest      : Starting RabbitMqTest using Java 17.0.11 with PID 24568 (started by zhaoqianqian in /Users/zhaoqianqian/IDEAUl/Project/Lottery_system)
2025-03-02T16:51:31.955+08:00  INFO 24568 --- [Lottery_system] [main] org.mon.lottery_system.RabbitMqTest      : No active profile set, falling back to 1 default profile: "default"
2025-03-02T16:51:32.240+08:00  INFO 24568 --- [Lottery_system] [main] .s.d.r.c.RepositoryConfigurationDelegate : Multiple Spring Data modules found, entering strict repository configuration mode
2025-03-02T16:51:32.241+08:00  INFO 24568 --- [Lottery_system] [main] .s.d.r.c.RepositoryConfigurationDelegate : Bootstrapping Spring Data Redis repositories in DEFAULT mode.
2025-03-02T16:51:32.255+08:00  INFO 24568 --- [Lottery_system] [main] .s.d.r.c.RepositoryConfigurationDelegate : Finished Spring Data repository scanning in 7 ms. Found 0 Redis repository interfaces.
2025-03-02T16:51:33.052+08:00  INFO 24568 --- [Lottery_system] [main] o.s.a.r.c.CachingConnectionFactory       : Attempting to connect to: [123.56.166.56:8889]
2025-03-02T16:51:33.182+08:00  INFO 24568 --- [Lottery_system] [main] o.s.a.r.c.CachingConnectionFactory       : Created new connection: rabbitConnectionFactory#29d2fa84:0/SimpleConnection@2d88c1bf [delegate=amqp://zqq@123.56.166.56:8889/, localPort=62189]
2025-03-02T16:51:33.534+08:00  INFO 24568 --- [Lottery_system] [main] org.mon.lottery_system.RabbitMqTest      : Started RabbitMqTest in 1.697 seconds (process running for 2.078)
2025-03-02T16:51:33.541+08:00  INFO 24568 --- [Lottery_system] [org.springframework.amqp.rabbit.RabbitListenerEndpointContainer#0-1] o.m.l.service.Mq.MqReceiver              : 接收消息:mao={"messageId":"33da9fda-166f-4f97-a578-f3e6d3751e82","messageDate":"{\"activityId\":1,\"prizeId\":1,\"prizeTiers\":\"FIRST_PRIZE\",\"winningTime\":1740903784154,\"winnerList\":[{\"userId\":1,\"userName\":\"xxx\"}]}"}
2025-03-02T16:51:33.917+08:00  INFO 24568 --- [Lottery_system] [main] o.m.l.service.impl.DrawPrizeServiceImpl  : mq消息成功：map={"activityId":1,"prizeId":1,"prizeTiers":"FIRST_PRIZE","winningTime":1740905493875,"winnerList":[{"userId":1,"userName":"xxx"}]}
2025-03-02T16:51:33.953+08:00  INFO 24568 --- [Lottery_system] [org.springframework.amqp.rabbit.RabbitListenerEndpointContainer#0-2] o.s.a.r.l.SimpleMessageListenerContainer : Waiting for workers to finish.
2025-03-02T16:51:33.953+08:00  INFO 24568 --- [Lottery_system] [org.springframework.amqp.rabbit.RabbitListenerEndpointContainer#0-2] o.s.a.r.l.SimpleMessageListenerContainer : Successfully waited for workers to finish.
2025-03-02T16:52:02.694+08:00  INFO 24584 --- [Lottery_system] [main] o.m.l.LotterySystemApplication           : Starting LotterySystemApplication using Java 17.0.11 with PID 24584 (/Users/zhaoqianqian/IDEAUl/Project/Lottery_system/target/classes started by zhaoqianqian in /Users/zhaoqianqian/IDEAUl/Project/Lottery_system)
2025-03-02T16:52:02.695+08:00  INFO 24584 --- [Lottery_system] [main] o.m.l.LotterySystemApplication           : No active profile set, falling back to 1 default profile: "default"
2025-03-02T16:52:02.944+08:00  INFO 24584 --- [Lottery_system] [main] .s.d.r.c.RepositoryConfigurationDelegate : Multiple Spring Data modules found, entering strict repository configuration mode
2025-03-02T16:52:02.945+08:00  INFO 24584 --- [Lottery_system] [main] .s.d.r.c.RepositoryConfigurationDelegate : Bootstrapping Spring Data Redis repositories in DEFAULT mode.
2025-03-02T16:52:02.958+08:00  INFO 24584 --- [Lottery_system] [main] .s.d.r.c.RepositoryConfigurationDelegate : Finished Spring Data repository scanning in 6 ms. Found 0 Redis repository interfaces.
2025-03-02T16:52:03.170+08:00  INFO 24584 --- [Lottery_system] [main] o.s.b.w.embedded.tomcat.TomcatWebServer  : Tomcat initialized with port 8080 (http)
2025-03-02T16:52:03.176+08:00  INFO 24584 --- [Lottery_system] [main] o.apache.catalina.core.StandardService   : Starting service [Tomcat]
2025-03-02T16:52:03.176+08:00  INFO 24584 --- [Lottery_system] [main] o.apache.catalina.core.StandardEngine    : Starting Servlet engine: [Apache Tomcat/10.1.36]
2025-03-02T16:52:03.197+08:00  INFO 24584 --- [Lottery_system] [main] o.a.c.c.C.[Tomcat].[localhost].[/]       : Initializing Spring embedded WebApplicationContext
2025-03-02T16:52:03.197+08:00  INFO 24584 --- [Lottery_system] [main] w.s.c.ServletWebServerApplicationContext : Root WebApplicationContext: initialization completed in 488 ms
2025-03-02T16:52:03.662+08:00  INFO 24584 --- [Lottery_system] [main] o.s.b.w.embedded.tomcat.TomcatWebServer  : Tomcat started on port 8080 (http) with context path '/'
2025-03-02T16:52:03.664+08:00  INFO 24584 --- [Lottery_system] [main] o.s.a.r.c.CachingConnectionFactory       : Attempting to connect to: [123.56.166.56:8889]
2025-03-02T16:52:03.798+08:00  INFO 24584 --- [Lottery_system] [main] o.s.a.r.c.CachingConnectionFactory       : Created new connection: rabbitConnectionFactory#349f3ff7:0/SimpleConnection@795eddda [delegate=amqp://zqq@123.56.166.56:8889/, localPort=62333]
2025-03-02T16:52:04.145+08:00  INFO 24584 --- [Lottery_system] [main] o.m.l.LotterySystemApplication           : Started LotterySystemApplication in 1.619 seconds (process running for 1.822)
2025-03-02T16:52:04.166+08:00  INFO 24584 --- [Lottery_system] [org.springframework.amqp.rabbit.RabbitListenerEndpointContainer#0-1] o.m.l.service.Mq.MqReceiver              : 接收消息:mao={"messageId":"89404b07-bdba-4f42-aa3b-8aafad223dac","messageDate":"{\"activityId\":1,\"prizeId\":1,\"prizeTiers\":\"FIRST_PRIZE\",\"winningTime\":1740905493875,\"winnerList\":[{\"userId\":1,\"userName\":\"xxx\"}]}"}
2025-03-02T16:53:06.423+08:00  INFO 24584 --- [Lottery_system] [org.springframework.amqp.rabbit.RabbitListenerEndpointContainer#0-2] o.s.a.r.l.SimpleMessageListenerContainer : Waiting for workers to finish.
2025-03-02T16:53:06.424+08:00  INFO 24584 --- [Lottery_system] [org.springframework.amqp.rabbit.RabbitListenerEndpointContainer#0-2] o.s.a.r.l.SimpleMessageListenerContainer : Successfully waited for workers to finish.
2025-03-02T16:53:06.424+08:00  INFO 24584 --- [Lottery_system] [SpringApplicationShutdownHook] o.s.b.w.e.tomcat.GracefulShutdown        : Commencing graceful shutdown. Waiting for active requests to complete
2025-03-02T16:53:06.426+08:00  INFO 24584 --- [Lottery_system] [tomcat-shutdown] o.s.b.w.e.tomcat.GracefulShutdown        : Graceful shutdown complete
