2025-02-22T21:25:34.526+08:00  INFO 75715 --- [Library_Management_System] [main] o.m.l.LibraryManagementSystemApplication : Starting LibraryManagementSystemApplication using Java 17.0.11 with PID 75715 (/Users/zhaoqianqian/IDEAUl/Project/Library_Management_System/target/classes started by zhaoqianqian in /Users/zhaoqianqian/IDEAUl/Project/Library_Management_System)
2025-02-22T21:25:34.528+08:00  INFO 75715 --- [Library_Management_System] [main] o.m.l.LibraryManagementSystemApplication : No active profile set, falling back to 1 default profile: "default"
2025-02-22T21:25:34.870+08:00  INFO 75715 --- [Library_Management_System] [main] o.s.b.w.embedded.tomcat.TomcatWebServer  : Tomcat initialized with port 8080 (http)
2025-02-22T21:25:34.875+08:00  INFO 75715 --- [Library_Management_System] [main] o.apache.catalina.core.StandardService   : Starting service [Tomcat]
2025-02-22T21:25:34.875+08:00  INFO 75715 --- [Library_Management_System] [main] o.apache.catalina.core.StandardEngine    : Starting Servlet engine: [Apache Tomcat/10.1.34]
2025-02-22T21:25:34.891+08:00  INFO 75715 --- [Library_Management_System] [main] o.a.c.c.C.[Tomcat].[localhost].[/]       : Initializing Spring embedded WebApplicationContext
2025-02-22T21:25:34.891+08:00  INFO 75715 --- [Library_Management_System] [main] w.s.c.ServletWebServerApplicationContext : Root WebApplicationContext: initialization completed in 348 ms
2025-02-22T21:25:35.107+08:00  INFO 75715 --- [Library_Management_System] [main] o.s.b.w.embedded.tomcat.TomcatWebServer  : Tomcat started on port 8080 (http) with context path '/'
2025-02-22T21:25:35.111+08:00  INFO 75715 --- [Library_Management_System] [main] o.m.l.LibraryManagementSystemApplication : Started LibraryManagementSystemApplication in 0.819 seconds (process running for 1.058)
2025-02-22T21:26:10.022+08:00  INFO 75715 --- [Library_Management_System] [http-nio-8080-exec-1] o.a.c.c.C.[Tomcat].[localhost].[/]       : Initializing Spring DispatcherServlet 'dispatcherServlet'
2025-02-22T21:26:10.022+08:00  INFO 75715 --- [Library_Management_System] [http-nio-8080-exec-1] o.s.web.servlet.DispatcherServlet        : Initializing Servlet 'dispatcherServlet'
2025-02-22T21:26:10.023+08:00  INFO 75715 --- [Library_Management_System] [http-nio-8080-exec-1] o.s.web.servlet.DispatcherServlet        : Completed initialization in 1 ms
2025-02-22T21:26:16.571+08:00  INFO 75715 --- [Library_Management_System] [http-nio-8080-exec-7] o.m.l.controller.UserController          : 接收参数lisi
2025-02-22T21:26:16.583+08:00  INFO 75715 --- [Library_Management_System] [http-nio-8080-exec-7] com.zaxxer.hikari.HikariDataSource       : HikariPool-1 - Starting...
2025-02-22T21:26:16.644+08:00  INFO 75715 --- [Library_Management_System] [http-nio-8080-exec-7] com.zaxxer.hikari.pool.HikariPool        : HikariPool-1 - Added connection com.mysql.cj.jdbc.ConnectionImpl@6fc14cd6
2025-02-22T21:26:16.645+08:00  INFO 75715 --- [Library_Management_System] [http-nio-8080-exec-7] com.zaxxer.hikari.HikariDataSource       : HikariPool-1 - Start completed.
2025-02-22T21:26:16.681+08:00  INFO 75715 --- [Library_Management_System] [http-nio-8080-exec-7] o.m.l.controller.UserController          : 用户登入结果，name：lisi,结果：false
2025-02-22T21:26:24.409+08:00  INFO 75715 --- [Library_Management_System] [http-nio-8080-exec-8] o.m.l.controller.UserController          : 接收参数admin
2025-02-22T21:26:24.422+08:00  INFO 75715 --- [Library_Management_System] [http-nio-8080-exec-8] o.m.l.controller.UserController          : 用户登入结果，name：admin,结果：true
2025-02-22T21:26:24.471+08:00  INFO 75715 --- [Library_Management_System] [http-nio-8080-exec-2] o.m.l.interceptor.LoginInterceptor       : 登入拦截......
2025-02-22T21:26:24.471+08:00  INFO 75715 --- [Library_Management_System] [http-nio-8080-exec-2] o.m.l.interceptor.LoginInterceptor       : 用户校验通过..
2025-02-22T21:26:24.477+08:00  INFO 75715 --- [Library_Management_System] [http-nio-8080-exec-2] o.m.l.controller.BookController          : 获取图书列表，pageRequest：PageRequest(currentPage=1, pageSize=10, offset=0)
2025-02-22T21:26:27.833+08:00  INFO 75715 --- [Library_Management_System] [http-nio-8080-exec-5] o.m.l.interceptor.LoginInterceptor       : 登入拦截......
2025-02-22T21:26:27.833+08:00  INFO 75715 --- [Library_Management_System] [http-nio-8080-exec-5] o.m.l.interceptor.LoginInterceptor       : 用户校验通过..
2025-02-22T21:26:27.834+08:00  INFO 75715 --- [Library_Management_System] [http-nio-8080-exec-5] o.m.l.controller.BookController          : 获取图书列表，pageRequest：PageRequest(currentPage=2, pageSize=10, offset=10)
2025-02-22T21:26:29.262+08:00  INFO 75715 --- [Library_Management_System] [http-nio-8080-exec-6] o.m.l.interceptor.LoginInterceptor       : 登入拦截......
2025-02-22T21:26:29.262+08:00  INFO 75715 --- [Library_Management_System] [http-nio-8080-exec-6] o.m.l.interceptor.LoginInterceptor       : 用户校验通过..
2025-02-22T21:26:29.263+08:00  INFO 75715 --- [Library_Management_System] [http-nio-8080-exec-6] o.m.l.controller.BookController          : 获取图书列表，pageRequest：PageRequest(currentPage=1, pageSize=10, offset=0)
2025-02-22T21:26:57.858+08:00  INFO 75715 --- [Library_Management_System] [http-nio-8080-exec-7] o.m.l.interceptor.LoginInterceptor       : 登入拦截......
2025-02-22T21:26:57.858+08:00  INFO 75715 --- [Library_Management_System] [http-nio-8080-exec-7] o.m.l.interceptor.LoginInterceptor       : 用户校验通过..
2025-02-22T21:26:57.859+08:00  INFO 75715 --- [Library_Management_System] [http-nio-8080-exec-7] o.m.l.controller.BookController          : 获取图书列表，pageRequest：PageRequest(currentPage=2, pageSize=10, offset=10)
2025-02-22T21:27:02.092+08:00  INFO 75715 --- [Library_Management_System] [http-nio-8080-exec-8] o.m.l.interceptor.LoginInterceptor       : 登入拦截......
2025-02-22T21:27:02.093+08:00  INFO 75715 --- [Library_Management_System] [http-nio-8080-exec-8] o.m.l.interceptor.LoginInterceptor       : 用户校验通过..
2025-02-22T21:27:02.094+08:00  INFO 75715 --- [Library_Management_System] [http-nio-8080-exec-8] o.m.l.controller.BookController          : 获取图书列表，pageRequest：PageRequest(currentPage=1, pageSize=10, offset=0)
2025-02-22T21:27:22.535+08:00  INFO 75715 --- [Library_Management_System] [SpringApplicationShutdownHook] o.s.b.w.e.tomcat.GracefulShutdown        : Commencing graceful shutdown. Waiting for active requests to complete
2025-02-22T21:27:22.537+08:00  INFO 75715 --- [Library_Management_System] [tomcat-shutdown] o.s.b.w.e.tomcat.GracefulShutdown        : Graceful shutdown complete
2025-02-22T21:27:22.539+08:00  INFO 75715 --- [Library_Management_System] [SpringApplicationShutdownHook] com.zaxxer.hikari.HikariDataSource       : HikariPool-1 - Shutdown initiated...
2025-02-22T21:27:22.542+08:00  INFO 75715 --- [Library_Management_System] [SpringApplicationShutdownHook] com.zaxxer.hikari.HikariDataSource       : HikariPool-1 - Shutdown completed.
